<?xml version="1.0" encoding="UTF-8"?>
<!-- Generated by org.testng.reporters.JUnitReportReporter -->
<testsuite skipped="0" hostname="Bhulku" name="TestNGSessions.HomePageTest" tests="2" failures="0" timestamp="2019-10-25T17:07:49 BST" time="0.036" errors="0">
  <testcase name="homePageTitleTest" time="0.028" classname="TestNGSessions.HomePageTest"/>
  <testcase name="homepageLinkTest" time="0.008" classname="TestNGSessions.HomePageTest"/>
</testsuite> <!-- TestNGSessions.HomePageTest -->
