<?xml version="1.0" encoding="UTF-8"?>
<!-- Generated by org.testng.reporters.JUnitReportReporter -->
<testsuite skipped="0" hostname="Bhulku" name="TestNGSessions.InvocationCountConcept" tests="10" failures="0" timestamp="2019-10-25T19:32:28 BST" time="0.116" errors="0">
  <testcase name="login" time="0.008" classname="TestNGSessions.InvocationCountConcept"/>
  <testcase name="login" time="0.007" classname="TestNGSessions.InvocationCountConcept"/>
  <testcase name="login" time="0.006" classname="TestNGSessions.InvocationCountConcept"/>
  <testcase name="login" time="0.006" classname="TestNGSessions.InvocationCountConcept"/>
  <testcase name="login" time="0.011" classname="TestNGSessions.InvocationCountConcept"/>
  <testcase name="login" time="0.006" classname="TestNGSessions.InvocationCountConcept"/>
  <testcase name="login" time="0.011" classname="TestNGSessions.InvocationCountConcept"/>
  <testcase name="login" time="0.036" classname="TestNGSessions.InvocationCountConcept"/>
  <testcase name="login" time="0.013" classname="TestNGSessions.InvocationCountConcept"/>
  <testcase name="login" time="0.012" classname="TestNGSessions.InvocationCountConcept"/>
</testsuite> <!-- TestNGSessions.InvocationCountConcept -->
