<?xml version="1.0" encoding="UTF-8"?>
<!-- Generated by org.testng.reporters.JUnitReportReporter -->
<testsuite skipped="0" hostname="Bhulku" name="TestNGSessions.TestPriority" tests="3" failures="0" timestamp="2019-10-25T19:38:07 BST" time="0.054" errors="0">
  <testcase name="homePageTitleTest" time="0.039" classname="TestNGSessions.TestPriority"/>
  <testcase name="homepageLinkTest" time="0.007" classname="TestNGSessions.TestPriority"/>
  <testcase name="homepageUserTest" time="0.008" classname="TestNGSessions.TestPriority"/>
</testsuite> <!-- TestNGSessions.TestPriority -->
