<?xml version="1.0" encoding="UTF-8"?>
<!-- Generated by org.testng.reporters.JUnitReportReporter -->
<testsuite skipped="0" hostname="Bhulku" name="TestNGSessions.LoginPageCase2" tests="1" failures="0" timestamp="2019-10-29T19:38:11 GMT" time="7.389" errors="0">
  <testcase name="signUpLinkTest" time="7.389" classname="TestNGSessions.LoginPageCase2"/>
</testsuite> <!-- TestNGSessions.LoginPageCase2 -->
